2018-08-31 11:18:25.111  INFO 11080 --- [restartedMain] com.sec.demo.SecwebApplication           : Starting SecwebApplication on 030-ZNXT-WZJ-B with PID 11080 (D:\GitHubDoc\gitdoc\secweb\target\classes started by 03010347 in D:\GitHubDoc\gitdoc\secweb)
2018-08-31 11:18:25.111  INFO 11080 --- [restartedMain] com.sec.demo.SecwebApplication           : The following profiles are active: dev
2018-08-31 11:18:25.191  INFO 11080 --- [restartedMain] ConfigServletWebServerApplicationContext : Refreshing org.springframework.boot.web.servlet.context.AnnotationConfigServletWebServerApplicationContext@14f86bee: startup date [Fri Aug 31 11:18:25 CST 2018]; root of context hierarchy
2018-08-31 11:18:25.974  INFO 11080 --- [restartedMain] .s.d.r.c.RepositoryConfigurationDelegate : Multiple Spring Data modules found, entering strict repository configuration mode!
2018-08-31 11:18:26.294  INFO 11080 --- [restartedMain] trationDelegate$BeanPostProcessorChecker : Bean 'shiroConfig' of type [com.sec.demo.shiro.ShiroConfig$$EnhancerBySpringCGLIB$$e483d5ce] is not eligible for getting processed by all BeanPostProcessors (for example: not eligible for auto-proxying)
2018-08-31 11:18:26.294  INFO 11080 --- [restartedMain] trationDelegate$BeanPostProcessorChecker : Bean 'org.springframework.transaction.annotation.ProxyTransactionManagementConfiguration' of type [org.springframework.transaction.annotation.ProxyTransactionManagementConfiguration$$EnhancerBySpringCGLIB$$a4d7e154] is not eligible for getting processed by all BeanPostProcessors (for example: not eligible for auto-proxying)
2018-08-31 11:18:26.526  INFO 11080 --- [restartedMain] trationDelegate$BeanPostProcessorChecker : Bean 'org.springframework.boot.context.properties.ConversionServiceDeducer$Factory' of type [org.springframework.boot.context.properties.ConversionServiceDeducer$Factory] is not eligible for getting processed by all BeanPostProcessors (for example: not eligible for auto-proxying)
2018-08-31 11:18:26.526  INFO 11080 --- [restartedMain] trationDelegate$BeanPostProcessorChecker : Bean 'mybatis-org.mybatis.spring.boot.autoconfigure.MybatisProperties' of type [org.mybatis.spring.boot.autoconfigure.MybatisProperties] is not eligible for getting processed by all BeanPostProcessors (for example: not eligible for auto-proxying)
2018-08-31 11:18:26.536  INFO 11080 --- [restartedMain] trationDelegate$BeanPostProcessorChecker : Bean 'org.mybatis.spring.boot.autoconfigure.MybatisAutoConfiguration' of type [org.mybatis.spring.boot.autoconfigure.MybatisAutoConfiguration$$EnhancerBySpringCGLIB$$d7ac3284] is not eligible for getting processed by all BeanPostProcessors (for example: not eligible for auto-proxying)
2018-08-31 11:18:26.546  INFO 11080 --- [restartedMain] trationDelegate$BeanPostProcessorChecker : Bean 'org.springframework.boot.autoconfigure.jdbc.DataSourceConfiguration$Generic' of type [org.springframework.boot.autoconfigure.jdbc.DataSourceConfiguration$Generic] is not eligible for getting processed by all BeanPostProcessors (for example: not eligible for auto-proxying)
2018-08-31 11:18:26.566  INFO 11080 --- [restartedMain] trationDelegate$BeanPostProcessorChecker : Bean 'spring.datasource-org.springframework.boot.autoconfigure.jdbc.DataSourceProperties' of type [org.springframework.boot.autoconfigure.jdbc.DataSourceProperties] is not eligible for getting processed by all BeanPostProcessors (for example: not eligible for auto-proxying)
2018-08-31 11:18:26.616  INFO 11080 --- [restartedMain] trationDelegate$BeanPostProcessorChecker : Bean 'dataSource' of type [com.alibaba.druid.pool.DruidDataSource] is not eligible for getting processed by all BeanPostProcessors (for example: not eligible for auto-proxying)
2018-08-31 11:18:26.626  INFO 11080 --- [restartedMain] trationDelegate$BeanPostProcessorChecker : Bean 'org.springframework.boot.autoconfigure.jdbc.DataSourceInitializerInvoker' of type [org.springframework.boot.autoconfigure.jdbc.DataSourceInitializerInvoker] is not eligible for getting processed by all BeanPostProcessors (for example: not eligible for auto-proxying)
2018-08-31 11:18:26.656  INFO 11080 --- [restartedMain] trationDelegate$BeanPostProcessorChecker : Bean 'sqlSessionFactory' of type [org.apache.ibatis.session.defaults.DefaultSqlSessionFactory] is not eligible for getting processed by all BeanPostProcessors (for example: not eligible for auto-proxying)
2018-08-31 11:18:26.666  INFO 11080 --- [restartedMain] trationDelegate$BeanPostProcessorChecker : Bean 'sqlSessionTemplate' of type [org.mybatis.spring.SqlSessionTemplate] is not eligible for getting processed by all BeanPostProcessors (for example: not eligible for auto-proxying)
2018-08-31 11:18:26.686  INFO 11080 --- [restartedMain] trationDelegate$BeanPostProcessorChecker : Bean 'userDao' of type [org.mybatis.spring.mapper.MapperFactoryBean] is not eligible for getting processed by all BeanPostProcessors (for example: not eligible for auto-proxying)
2018-08-31 11:18:26.686  INFO 11080 --- [restartedMain] trationDelegate$BeanPostProcessorChecker : Bean 'userDao' of type [com.sun.proxy.$Proxy64] is not eligible for getting processed by all BeanPostProcessors (for example: not eligible for auto-proxying)
2018-08-31 11:18:26.686  INFO 11080 --- [restartedMain] trationDelegate$BeanPostProcessorChecker : Bean 'userService' of type [com.sec.demo.service.impl.UserServiceImpl] is not eligible for getting processed by all BeanPostProcessors (for example: not eligible for auto-proxying)
2018-08-31 11:18:26.686  INFO 11080 --- [restartedMain] trationDelegate$BeanPostProcessorChecker : Bean 'customRealm' of type [com.sec.demo.shiro.CustomRealm] is not eligible for getting processed by all BeanPostProcessors (for example: not eligible for auto-proxying)
2018-08-31 11:18:26.716  INFO 11080 --- [restartedMain] trationDelegate$BeanPostProcessorChecker : Bean 'securityManager' of type [org.apache.shiro.web.mgt.DefaultWebSecurityManager] is not eligible for getting processed by all BeanPostProcessors (for example: not eligible for auto-proxying)
2018-08-31 11:18:27.331  INFO 11080 --- [restartedMain] o.s.b.w.embedded.tomcat.TomcatWebServer  : Tomcat initialized with port(s): 8080 (http)
2018-08-31 11:18:27.381  INFO 11080 --- [restartedMain] o.apache.catalina.core.StandardService   : Starting service [Tomcat]
2018-08-31 11:18:27.381  INFO 11080 --- [restartedMain] org.apache.catalina.core.StandardEngine  : Starting Servlet Engine: Apache Tomcat/8.5.32
2018-08-31 11:18:27.391  INFO 11080 --- [localhost-startStop-1] o.a.catalina.core.AprLifecycleListener   : The APR based Apache Tomcat Native library which allows optimal performance in production environments was not found on the java.library.path: [D:\java64_1.8\bin;C:\Windows\Sun\Java\bin;C:\Windows\system32;C:\Windows;D:\mysql-5.7.19-winx64\bin;D:\java64_1.8\bin;D:\java64_1.8\jre\bin;C:\Windows\system32;C:\Windows;C:\Windows\System32\Wbem;C:\Windows\System32\WindowsPowerShell\v1.0\;C:\Program Files\Intel\WiFi\bin\;C:\Program Files\Common Files\Intel\WirelessCommon\;C:\Program Files\Git\cmd;D:\Anaconda2;D:\Anaconda2\Scripts;D:\Anaconda2\Library\bin;D:\node-v6.11.3-win-x64;D:\androiddoc\Android\Sdk\platform-tools;C:\Program Files\Microsoft\Web Platform Installer\;D:\apache-ant-1.10.1\bin;D:\PhoneGap\PhoneGap Desktop;E:\dllorjars\python\boost_1_65_1;E:\dllorjars\python\boost_1_65_1\stage\lib;D:\python36;C:\Program Files\Microsoft SQL Server\120\Tools\Binn\;C:\Program Files (x86)\Windows Kits\8.1\Windows Performance Toolkit\;C:\Program Files\Microsoft SQL Server\110\Tools\Binn\;D:\apache-maven-3.5.4-bin\apache-maven-3.5.4\bin;D:\MATLAB\MATLAB Compiler Runtime\v83\runtime\win64;;D:\Docker Toolbox;.bin;D:\Microsoft VS Code\bin;.]
2018-08-31 11:18:27.804  INFO 11080 --- [localhost-startStop-1] o.a.c.c.C.[Tomcat].[localhost].[/sec]    : Initializing Spring embedded WebApplicationContext
2018-08-31 11:18:27.804  INFO 11080 --- [localhost-startStop-1] o.s.web.context.ContextLoader            : Root WebApplicationContext: initialization completed in 2613 ms
2018-08-31 11:18:27.924  INFO 11080 --- [localhost-startStop-1] o.s.b.w.servlet.ServletRegistrationBean  : Servlet dispatcherServlet mapped to [/]
2018-08-31 11:18:27.934  INFO 11080 --- [localhost-startStop-1] o.s.b.w.servlet.FilterRegistrationBean   : Mapping filter: 'characterEncodingFilter' to: [/*]
2018-08-31 11:18:27.934  INFO 11080 --- [localhost-startStop-1] o.s.b.w.servlet.FilterRegistrationBean   : Mapping filter: 'hiddenHttpMethodFilter' to: [/*]
2018-08-31 11:18:27.934  INFO 11080 --- [localhost-startStop-1] o.s.b.w.servlet.FilterRegistrationBean   : Mapping filter: 'httpPutFormContentFilter' to: [/*]
2018-08-31 11:18:27.934  INFO 11080 --- [localhost-startStop-1] o.s.b.w.servlet.FilterRegistrationBean   : Mapping filter: 'requestContextFilter' to: [/*]
2018-08-31 11:18:27.934  INFO 11080 --- [localhost-startStop-1] o.s.b.w.servlet.FilterRegistrationBean   : Mapping filter: 'corsFilter' to: [/*]
2018-08-31 11:18:27.934  INFO 11080 --- [localhost-startStop-1] o.s.b.w.servlet.FilterRegistrationBean   : Mapping filter: 'shirFilter' to: [/*]
2018-08-31 11:18:28.274  INFO 11080 --- [restartedMain] o.s.w.s.handler.SimpleUrlHandlerMapping  : Mapped URL path [/**/favicon.ico] onto handler of type [class org.springframework.web.servlet.resource.ResourceHttpRequestHandler]
2018-08-31 11:18:28.464  INFO 11080 --- [restartedMain] s.w.s.m.m.a.RequestMappingHandlerAdapter : Looking for @ControllerAdvice: org.springframework.boot.web.servlet.context.AnnotationConfigServletWebServerApplicationContext@14f86bee: startup date [Fri Aug 31 11:18:25 CST 2018]; root of context hierarchy
2018-08-31 11:18:28.501  INFO 11080 --- [restartedMain] s.w.s.m.m.a.RequestMappingHandlerMapping : Mapped "{[/error]}" onto public java.lang.String com.sec.demo.controller.ErrorBaseeController.error()
2018-08-31 11:18:28.511  INFO 11080 --- [restartedMain] s.w.s.m.m.a.RequestMappingHandlerMapping : Mapped "{[/sublogin],methods=[POST]}" onto public java.lang.String com.sec.demo.controller.UserController.subLogin(java.lang.String,java.lang.String,javax.servlet.http.HttpSession,org.springframework.ui.Model)
2018-08-31 11:18:28.511  INFO 11080 --- [restartedMain] s.w.s.m.m.a.RequestMappingHandlerMapping : Mapped "{[/test]}" onto public java.lang.String com.sec.demo.controller.UserController.Test()
2018-08-31 11:18:28.511  INFO 11080 --- [restartedMain] s.w.s.m.m.a.RequestMappingHandlerMapping : Mapped "{[/logout]}" onto public java.lang.String com.sec.demo.controller.UserController.logout()
2018-08-31 11:18:28.531  INFO 11080 --- [restartedMain] o.s.w.s.handler.SimpleUrlHandlerMapping  : Mapped URL path [/webjars/**] onto handler of type [class org.springframework.web.servlet.resource.ResourceHttpRequestHandler]
2018-08-31 11:18:28.531  INFO 11080 --- [restartedMain] o.s.w.s.handler.SimpleUrlHandlerMapping  : Mapped URL path [/**] onto handler of type [class org.springframework.web.servlet.resource.ResourceHttpRequestHandler]
2018-08-31 11:18:28.551  INFO 11080 --- [restartedMain] .m.m.a.ExceptionHandlerExceptionResolver : Detected @ExceptionHandler methods in errorExceptionHandle
2018-08-31 11:18:28.581  WARN 11080 --- [restartedMain] org.thymeleaf.templatemode.TemplateMode  : [THYMELEAF][restartedMain] Template Mode 'HTML5' is deprecated. Using Template Mode 'HTML' instead.
2018-08-31 11:18:28.631  INFO 11080 --- [restartedMain] o.s.b.a.w.s.WelcomePageHandlerMapping    : Adding welcome page: class path resource [templates/index.html]
2018-08-31 11:18:29.001  INFO 11080 --- [restartedMain] o.s.b.d.a.OptionalLiveReloadServer       : LiveReload server is running on port 35729
2018-08-31 11:18:29.021  INFO 11080 --- [restartedMain] o.s.j.e.a.AnnotationMBeanExporter        : Registering beans for JMX exposure on startup
2018-08-31 11:18:29.021  INFO 11080 --- [restartedMain] o.s.j.e.a.AnnotationMBeanExporter        : Bean with name 'dataSource' has been autodetected for JMX exposure
2018-08-31 11:18:29.031  INFO 11080 --- [restartedMain] o.s.j.e.a.AnnotationMBeanExporter        : Located MBean 'dataSource': registering with JMX server as MBean [com.alibaba.druid.pool:name=dataSource,type=DruidDataSource]
2018-08-31 11:18:29.071  INFO 11080 --- [restartedMain] o.s.b.w.embedded.tomcat.TomcatWebServer  : Tomcat started on port(s): 8080 (http) with context path '/sec'
2018-08-31 11:18:29.071  INFO 11080 --- [restartedMain] com.sec.demo.SecwebApplication           : Started SecwebApplication in 4.29 seconds (JVM running for 6.892)
2018-08-31 11:18:48.244  INFO 11080 --- [http-nio-8080-exec-2] o.a.c.c.C.[Tomcat].[localhost].[/sec]    : Initializing Spring FrameworkServlet 'dispatcherServlet'
2018-08-31 11:18:48.244  INFO 11080 --- [http-nio-8080-exec-2] o.s.web.servlet.DispatcherServlet        : FrameworkServlet 'dispatcherServlet': initialization started
2018-08-31 11:18:48.271  INFO 11080 --- [http-nio-8080-exec-2] o.s.web.servlet.DispatcherServlet        : FrameworkServlet 'dispatcherServlet': initialization completed in 25 ms
2018-08-31 11:18:55.334  INFO 11080 --- [http-nio-8080-exec-5] com.alibaba.druid.pool.DruidDataSource   : {dataSource-1} inited
